Using pre-set license
Built from '2022.3/staging' branch; Version is '2022.3.50f1 (c3db7f8bf9b1) revision 12835711'; Using compiler version '192829333'; Build Type 'Release'
OS: 'Windows 11  (10.0.22631) 64bit Core' Language: 'en' Physical Memory: 15989 MB
BatchMode: 1, IsHumanControllingUs: 0, StartBugReporterOnCrash: 0, Is64bit: 1, IsPro: 1

COMMAND LINE ARGUMENTS:
C:\Program Files\Unity\Hub\Editor\2022.3.50f1\Editor\Unity.exe
-adb2
-batchMode
-noUpm
-name
AssetImportWorker2
-projectPath
C:/Users/mrmek/IntroGameDevFinal24/GameDevelopmentFinal--24
-logFile
Logs/AssetImportWorker2.log
-srvPort
56825
Successfully changed project path to: C:/Users/mrmek/IntroGameDevFinal24/GameDevelopmentFinal--24
C:/Users/mrmek/IntroGameDevFinal24/GameDevelopmentFinal--24
[UnityMemory] Configuration Parameters - Can be set up in boot.config
    "memorysetup-bucket-allocator-granularity=16"
    "memorysetup-bucket-allocator-bucket-count=8"
    "memorysetup-bucket-allocator-block-size=33554432"
    "memorysetup-bucket-allocator-block-count=8"
    "memorysetup-main-allocator-block-size=16777216"
    "memorysetup-thread-allocator-block-size=16777216"
    "memorysetup-gfx-main-allocator-block-size=16777216"
    "memorysetup-gfx-thread-allocator-block-size=16777216"
    "memorysetup-cache-allocator-block-size=4194304"
    "memorysetup-typetree-allocator-block-size=2097152"
    "memorysetup-profiler-bucket-allocator-granularity=16"
    "memorysetup-profiler-bucket-allocator-bucket-count=8"
    "memorysetup-profiler-bucket-allocator-block-size=33554432"
    "memorysetup-profiler-bucket-allocator-block-count=8"
    "memorysetup-profiler-allocator-block-size=16777216"
    "memorysetup-profiler-editor-allocator-block-size=1048576"
    "memorysetup-temp-allocator-size-main=16777216"
    "memorysetup-job-temp-allocator-block-size=2097152"
    "memorysetup-job-temp-allocator-block-size-background=1048576"
    "memorysetup-job-temp-allocator-reduction-small-platforms=262144"
    "memorysetup-allocator-temp-initial-block-size-main=262144"
    "memorysetup-allocator-temp-initial-block-size-worker=262144"
    "memorysetup-temp-allocator-size-background-worker=32768"
    "memorysetup-temp-allocator-size-job-worker=262144"
    "memorysetup-temp-allocator-size-preload-manager=33554432"
    "memorysetup-temp-allocator-size-nav-mesh-worker=65536"
    "memorysetup-temp-allocator-size-audio-worker=65536"
    "memorysetup-temp-allocator-size-cloud-worker=32768"
    "memorysetup-temp-allocator-size-gi-baking-worker=262144"
    "memorysetup-temp-allocator-size-gfx=262144"
Player connection [22840]  Target information:

Player connection [22840]  * "[IP] 172.16.42.16 [Port] 0 [Flags] 2 [Guid] 4010361174 [EditorId] 4010361174 [Version] 1048832 [Id] WindowsEditor(7,Donald-Donnie) [Debug] 1 [PackageName] WindowsEditor [ProjectName] Editor" 

Player connection [22840] Host joined multi-casting on [225.0.0.222:54997]...
Player connection [22840] Host joined alternative multi-casting on [225.0.0.222:34997]...
[PhysX] Initialized MultithreadedTaskDispatcher with 14 workers.
Refreshing native plugins compatible for Editor in 4374.32 ms, found 4 plugins.
Preloading 0 native plugins for Editor in 0.00 ms.
Initialize engine version: 2022.3.50f1 (c3db7f8bf9b1)
[Subsystems] Discovering subsystems at path C:/Program Files/Unity/Hub/Editor/2022.3.50f1/Editor/Data/Resources/UnitySubsystems
[Subsystems] Discovering subsystems at path C:/Users/mrmek/IntroGameDevFinal24/GameDevelopmentFinal--24/Assets
GfxDevice: creating device client; threaded=0; jobified=0
Direct3D:
    Version:  Direct3D 11.0 [level 11.1]
    Renderer: Intel(R) Graphics (ID=0x7d45)
    Vendor:   Intel
    VRAM:     7994 MB
    Driver:   31.0.101.5590
Initialize mono
Mono path[0] = 'C:/Program Files/Unity/Hub/Editor/2022.3.50f1/Editor/Data/Managed'
Mono path[1] = 'C:/Program Files/Unity/Hub/Editor/2022.3.50f1/Editor/Data/MonoBleedingEdge/lib/mono/unityjit-win32'
Mono config path = 'C:/Program Files/Unity/Hub/Editor/2022.3.50f1/Editor/Data/MonoBleedingEdge/etc'
Using monoOptions --debugger-agent=transport=dt_socket,embedding=1,server=y,suspend=n,address=127.0.0.1:56760
Begin MonoManager ReloadAssembly
Registering precompiled unity dll's ...
Register platform support module: C:/Program Files/Unity/Hub/Editor/2022.3.50f1/Editor/Data/PlaybackEngines/WindowsStandaloneSupport/UnityEditor.WindowsStandalone.Extensions.dll
Registered in 0.453568 seconds.
- Loaded All Assemblies, in 17.037 seconds
Native extension for WindowsStandalone target not found
Mono: successfully reloaded assembly
- Finished resetting the current domain, in  0.243 seconds
Domain Reload Profiling: 17279ms
	BeginReloadAssembly (13083ms)
		ExecutionOrderSort (0ms)
		DisableScriptedObjects (0ms)
		BackupInstance (0ms)
		ReleaseScriptingObjects (0ms)
		CreateAndSetChildDomain (1ms)
	RebuildCommonClasses (1032ms)
	RebuildNativeTypeToScriptingClass (8ms)
	initialDomainReloadingComplete (497ms)
	LoadAllAssembliesAndSetupDomain (2416ms)
		LoadAssemblies (13080ms)
		RebuildTransferFunctionScriptingTraits (0ms)
		AnalyzeDomain (2414ms)
			TypeCache.Refresh (2412ms)
				TypeCache.ScanAssembly (1823ms)
			ScanForSourceGeneratedMonoScriptInfo (1ms)
			ResolveRequiredComponents (1ms)
	FinalizeReload (243ms)
		ReleaseScriptCaches (0ms)
		RebuildScriptCaches (0ms)
		SetupLoadedEditorAssemblies (195ms)
			LogAssemblyErrors (0ms)
			InitializePlatformSupportModulesInManaged (7ms)
			SetLoadedEditorAssemblies (8ms)
			RefreshPlugins (0ms)
			BeforeProcessingInitializeOnLoad (3ms)
			ProcessInitializeOnLoadAttributes (128ms)
			ProcessInitializeOnLoadMethodAttributes (49ms)
			AfterProcessingInitializeOnLoad (0ms)
			EditorAssembliesLoaded (0ms)
		ExecutionOrderSort2 (0ms)
		AwakeInstancesAfterBackupRestoration (0ms)
========================================================================
Worker process is ready to serve import requests
Caller must complete domain reload
Begin MonoManager ReloadAssembly
- Loaded All Assemblies, in 18.827 seconds
Native extension for WindowsStandalone target not found
Package Manager log level set to [2]
[Package Manager] Server::EnsureServerProcessIsRunning -- launch failed, reason: Unity was launched with the -noUpm command-line argument
[Package Manager] UpmClient::Send -- Unable to send message (not connected to UPM process).
[Package Manager] Cannot connect to Unity Package Manager local server
Mono: successfully reloaded assembly
- Finished resetting the current domain, in  2.310 seconds
Domain Reload Profiling: 21130ms
	BeginReloadAssembly (315ms)
		ExecutionOrderSort (0ms)
		DisableScriptedObjects (13ms)
		BackupInstance (0ms)
		ReleaseScriptingObjects (0ms)
		CreateAndSetChildDomain (39ms)
	RebuildCommonClasses (83ms)
	RebuildNativeTypeToScriptingClass (31ms)
	initialDomainReloadingComplete (108ms)
	LoadAllAssembliesAndSetupDomain (18281ms)
		LoadAssemblies (16821ms)
		RebuildTransferFunctionScriptingTraits (0ms)
		AnalyzeDomain (1637ms)
			TypeCache.Refresh (1572ms)
				TypeCache.ScanAssembly (1378ms)
			ScanForSourceGeneratedMonoScriptInfo (50ms)
			ResolveRequiredComponents (11ms)
	FinalizeReload (2313ms)
		ReleaseScriptCaches (0ms)
		RebuildScriptCaches (0ms)
		SetupLoadedEditorAssemblies (1946ms)
			LogAssemblyErrors (0ms)
			InitializePlatformSupportModulesInManaged (15ms)
			SetLoadedEditorAssemblies (8ms)
			RefreshPlugins (0ms)
			BeforeProcessingInitializeOnLoad (181ms)
			ProcessInitializeOnLoadAttributes (1620ms)
			ProcessInitializeOnLoadMethodAttributes (104ms)
			AfterProcessingInitializeOnLoad (17ms)
			EditorAssembliesLoaded (0ms)
		ExecutionOrderSort2 (0ms)
		AwakeInstancesAfterBackupRestoration (22ms)
Launched and connected shader compiler UnityShaderCompiler.exe after 0.13 seconds
Refreshing native plugins compatible for Editor in 16.92 ms, found 4 plugins.
Preloading 0 native plugins for Editor in 0.00 ms.
Unloading 3944 Unused Serialized files (Serialized files now loaded: 0)
Unloading 38 unused Assets / (241.2 KB). Loaded Objects now: 4407.
Memory consumption went from 139.3 MB to 139.1 MB.
Total: 8.734400 ms (FindLiveObjects: 0.474700 ms CreateObjectMapping: 0.194100 ms MarkObjects: 7.717500 ms  DeleteObjects: 0.346000 ms)

AssetImportParameters requested are different than current active one (requested -> active):
  custom:container-demuxer-ogg: 62fdf1f143b41e24485cea50d1cbac27 -> 
  custom:video-codec-MediaFoundation-h265: 746d11721c4dcdbdad8f713fa42b33f4 -> 
  custom:video-decoder-ogg-theora: a1e56fd34408186e4bbccfd4996cb3dc -> 
  custom:framework-win-MediaFoundation: 216162199b28c13a410421893ffa2e32 -> 
  custom:CustomObjectIndexerAttribute: 9a22284fe3817be447336de3de66b15e -> 
  custom:container-demuxer-webm: 4f35f7cbe854078d1ac9338744f61a02 -> 
  custom:container-muxer-webm: aa71ff27fc2769a1b78a27578f13a17b -> 
  custom:video-decoder-webm-vp8: 9c59270c3fd7afecdb556c50c9e8de78 -> 
  custom:SearchIndexIgnoredProperties: e643bd26f0fe6173181afceb89e7c659 -> 
  custom:AudioImporter_EditorPlatform: d09bf68614088b80899f8185d706f6e7 -> 
  custom:video-encoder-webm-vp8: eb34c28f22e8b96e1ab97ce403110664 -> 
  custom:audio-decoder-ogg-vorbis: bf7c407c2cedff20999df2af8eb42d56 -> 
  custom:audio-encoder-webm-vorbis: bf7c407c2cedff20999df2af8eb42d56 -> 
========================================================================
Received Import Request.
  Time since last request: 82091.433592 seconds.
  path: Assets/Sprites/suritzens
  artifactKey: Guid(efce58fee3246c543bbd48169f1123b7) Importer(815301076,1909f56bfc062723c751e8b465ee728b)
Start importing Assets/Sprites/suritzens using Guid(efce58fee3246c543bbd48169f1123b7) Importer(815301076,1909f56bfc062723c751e8b465ee728b) [PhysX] Initialized MultithreadedTaskDispatcher with 14 workers.
 -> (artifact id: '95ec1d8925b45bbb0f699976bca2b75e') in 0.002221 seconds
Number of updated asset objects reloaded before import = 0
Number of asset objects unloaded after import = 0
========================================================================
Received Import Request.
  Time since last request: 0.016092 seconds.
  path: Assets/Sprites/suritzens/dog.png
  artifactKey: Guid(882d6a32ee629af44b355d0ebf75b7dd) Importer(815301076,1909f56bfc062723c751e8b465ee728b)
Start importing Assets/Sprites/suritzens/dog.png using Guid(882d6a32ee629af44b355d0ebf75b7dd) Importer(815301076,1909f56bfc062723c751e8b465ee728b) [PhysX] Initialized MultithreadedTaskDispatcher with 14 workers.
[PhysX] Initialized MultithreadedTaskDispatcher with 14 workers.
 -> (artifact id: '88777ea5df254d69780a66b09361ba43') in 0.242343 seconds
Number of updated asset objects reloaded before import = 0
Number of asset objects unloaded after import = 3
========================================================================
Received Import Request.
  Time since last request: 0.000042 seconds.
  path: Assets/Sprites/suritzens/duck.png
  artifactKey: Guid(17189abff2ea7f943b363a2248bd422e) Importer(815301076,1909f56bfc062723c751e8b465ee728b)
Start importing Assets/Sprites/suritzens/duck.png using Guid(17189abff2ea7f943b363a2248bd422e) Importer(815301076,1909f56bfc062723c751e8b465ee728b) [PhysX] Initialized MultithreadedTaskDispatcher with 14 workers.
[PhysX] Initialized MultithreadedTaskDispatcher with 14 workers.
 -> (artifact id: 'e75c08b494382f76b4b0b20fec1447bf') in 0.052816 seconds
Number of updated asset objects reloaded before import = 0
Number of asset objects unloaded after import = 3
========================================================================
Received Import Request.
  Time since last request: 0.000066 seconds.
  path: Assets/Sprites/suritzens/elder4x.png
  artifactKey: Guid(5d32220e801cbbb47beaa0b4c4aac8aa) Importer(815301076,1909f56bfc062723c751e8b465ee728b)
Start importing Assets/Sprites/suritzens/elder4x.png using Guid(5d32220e801cbbb47beaa0b4c4aac8aa) Importer(815301076,1909f56bfc062723c751e8b465ee728b) [PhysX] Initialized MultithreadedTaskDispatcher with 14 workers.
[PhysX] Initialized MultithreadedTaskDispatcher with 14 workers.
 -> (artifact id: 'ac06f91924a292899fdec4bdf1c64231') in 0.039337 seconds
Number of updated asset objects reloaded before import = 0
Number of asset objects unloaded after import = 3
========================================================================
Received Import Request.
  Time since last request: 0.000030 seconds.
  path: Assets/Sprites/suritzens/human1.png
  artifactKey: Guid(0343164f4d4823244892fdd96bd572e8) Importer(815301076,1909f56bfc062723c751e8b465ee728b)
Start importing Assets/Sprites/suritzens/human1.png using Guid(0343164f4d4823244892fdd96bd572e8) Importer(815301076,1909f56bfc062723c751e8b465ee728b) [PhysX] Initialized MultithreadedTaskDispatcher with 14 workers.
[PhysX] Initialized MultithreadedTaskDispatcher with 14 workers.
 -> (artifact id: 'c7d08ee2053eb97e22fdcc38c38a987e') in 0.046661 seconds
Number of updated asset objects reloaded before import = 0
Number of asset objects unloaded after import = 3
========================================================================
Received Import Request.
  Time since last request: 0.000082 seconds.
  path: Assets/Sprites/suritzens/human2.png
  artifactKey: Guid(d9bc21f12bbf4904f81100ea38cd799e) Importer(815301076,1909f56bfc062723c751e8b465ee728b)
Start importing Assets/Sprites/suritzens/human2.png using Guid(d9bc21f12bbf4904f81100ea38cd799e) Importer(815301076,1909f56bfc062723c751e8b465ee728b) [PhysX] Initialized MultithreadedTaskDispatcher with 14 workers.
[PhysX] Initialized MultithreadedTaskDispatcher with 14 workers.
 -> (artifact id: '21409f4ffeae4a334fb0a6ff7fa2b8b5') in 0.029926 seconds
Number of updated asset objects reloaded before import = 0
Number of asset objects unloaded after import = 3
========================================================================
Received Import Request.
  Time since last request: 0.000041 seconds.
  path: Assets/Sprites/suritzens/myosotis.png
  artifactKey: Guid(f90b3b501137f2b4696a27b6a2e81c45) Importer(815301076,1909f56bfc062723c751e8b465ee728b)
Start importing Assets/Sprites/suritzens/myosotis.png using Guid(f90b3b501137f2b4696a27b6a2e81c45) Importer(815301076,1909f56bfc062723c751e8b465ee728b) [PhysX] Initialized MultithreadedTaskDispatcher with 14 workers.
[PhysX] Initialized MultithreadedTaskDispatcher with 14 workers.
 -> (artifact id: '38c7eb4105b0736c35f7afb1397402d1') in 0.032762 seconds
Number of updated asset objects reloaded before import = 0
Number of asset objects unloaded after import = 3
========================================================================
Received Import Request.
  Time since last request: 0.000252 seconds.
  path: Assets/Sprites/suritzens/minotaur.png
  artifactKey: Guid(ea6b48486cc0c1948a912b1a73beeacb) Importer(815301076,1909f56bfc062723c751e8b465ee728b)
Start importing Assets/Sprites/suritzens/minotaur.png using Guid(ea6b48486cc0c1948a912b1a73beeacb) Importer(815301076,1909f56bfc062723c751e8b465ee728b) [PhysX] Initialized MultithreadedTaskDispatcher with 14 workers.
[PhysX] Initialized MultithreadedTaskDispatcher with 14 workers.
 -> (artifact id: '7700bd4ca2bc2044532841f8fbfa80ab') in 0.029649 seconds
Number of updated asset objects reloaded before import = 0
Number of asset objects unloaded after import = 3
========================================================================
Received Import Request.
  Time since last request: 0.000888 seconds.
  path: Assets/Sprites/suritzens/orb4x.png
  artifactKey: Guid(3abfb87a0b65ab44790046613a4704b8) Importer(815301076,1909f56bfc062723c751e8b465ee728b)
Start importing Assets/Sprites/suritzens/orb4x.png using Guid(3abfb87a0b65ab44790046613a4704b8) Importer(815301076,1909f56bfc062723c751e8b465ee728b) [PhysX] Initialized MultithreadedTaskDispatcher with 14 workers.
[PhysX] Initialized MultithreadedTaskDispatcher with 14 workers.
 -> (artifact id: '82757d1a79d0b734a2b8dd47a7f07269') in 0.030624 seconds
Number of updated asset objects reloaded before import = 0
Number of asset objects unloaded after import = 3
========================================================================
Received Import Request.
  Time since last request: 0.000031 seconds.
  path: Assets/Sprites/suritzens/frog4x.png
  artifactKey: Guid(0dd81cfb8e2934c4f906512444f8266c) Importer(815301076,1909f56bfc062723c751e8b465ee728b)
Start importing Assets/Sprites/suritzens/frog4x.png using Guid(0dd81cfb8e2934c4f906512444f8266c) Importer(815301076,1909f56bfc062723c751e8b465ee728b) [PhysX] Initialized MultithreadedTaskDispatcher with 14 workers.
[PhysX] Initialized MultithreadedTaskDispatcher with 14 workers.
 -> (artifact id: '6645a6721cfb62514f2242f68b2d3110') in 0.024796 seconds
Number of updated asset objects reloaded before import = 0
Number of asset objects unloaded after import = 3
========================================================================
Received Import Request.
  Time since last request: 0.000209 seconds.
  path: Assets/Sprites/suritzens/frog.png
  artifactKey: Guid(407a082f69c3a8d47a6ce3b9aade85a4) Importer(815301076,1909f56bfc062723c751e8b465ee728b)
Start importing Assets/Sprites/suritzens/frog.png using Guid(407a082f69c3a8d47a6ce3b9aade85a4) Importer(815301076,1909f56bfc062723c751e8b465ee728b) [PhysX] Initialized MultithreadedTaskDispatcher with 14 workers.
[PhysX] Initialized MultithreadedTaskDispatcher with 14 workers.
 -> (artifact id: '24c1343f98f3742a4674486abfeb8142') in 0.027546 seconds
Number of updated asset objects reloaded before import = 0
Number of asset objects unloaded after import = 3
========================================================================
Received Import Request.
  Time since last request: 0.000051 seconds.
  path: Assets/Sprites/suritzens/heart4x.png
  artifactKey: Guid(bd267b733729d19498c9d5b0b07ae4d0) Importer(815301076,1909f56bfc062723c751e8b465ee728b)
Start importing Assets/Sprites/suritzens/heart4x.png using Guid(bd267b733729d19498c9d5b0b07ae4d0) Importer(815301076,1909f56bfc062723c751e8b465ee728b) [PhysX] Initialized MultithreadedTaskDispatcher with 14 workers.
[PhysX] Initialized MultithreadedTaskDispatcher with 14 workers.
 -> (artifact id: 'c201bf096393227053ee2cb868f75e4d') in 0.029534 seconds
Number of updated asset objects reloaded before import = 0
Number of asset objects unloaded after import = 3
========================================================================
Received Import Request.
  Time since last request: 0.000052 seconds.
  path: Assets/Sprites/suritzens/human1x4.png
  artifactKey: Guid(ef5aaf34d2248c64b979cb0cf876343f) Importer(815301076,1909f56bfc062723c751e8b465ee728b)
Start importing Assets/Sprites/suritzens/human1x4.png using Guid(ef5aaf34d2248c64b979cb0cf876343f) Importer(815301076,1909f56bfc062723c751e8b465ee728b) [PhysX] Initialized MultithreadedTaskDispatcher with 14 workers.
[PhysX] Initialized MultithreadedTaskDispatcher with 14 workers.
 -> (artifact id: 'ef801c798959fe68d6ec51feb1370604') in 0.028104 seconds
Number of updated asset objects reloaded before import = 0
Number of asset objects unloaded after import = 3
========================================================================
Received Import Request.
  Time since last request: 0.000023 seconds.
  path: Assets/Sprites/suritzens/minotaur4x.png
  artifactKey: Guid(cb0fbeee284f5ba419c308acaf3db1e2) Importer(815301076,1909f56bfc062723c751e8b465ee728b)
Start importing Assets/Sprites/suritzens/minotaur4x.png using Guid(cb0fbeee284f5ba419c308acaf3db1e2) Importer(815301076,1909f56bfc062723c751e8b465ee728b) [PhysX] Initialized MultithreadedTaskDispatcher with 14 workers.
[PhysX] Initialized MultithreadedTaskDispatcher with 14 workers.
 -> (artifact id: '9de61239a9eb814021b1593fd1f1ef06') in 0.061149 seconds
Number of updated asset objects reloaded before import = 0
Number of asset objects unloaded after import = 3
========================================================================
Received Import Request.
  Time since last request: 0.000046 seconds.
  path: Assets/Sprites/suritzens/orc.png
  artifactKey: Guid(77ea76591e3df6d4e805da407ab7b255) Importer(815301076,1909f56bfc062723c751e8b465ee728b)
Start importing Assets/Sprites/suritzens/orc.png using Guid(77ea76591e3df6d4e805da407ab7b255) Importer(815301076,1909f56bfc062723c751e8b465ee728b) [PhysX] Initialized MultithreadedTaskDispatcher with 14 workers.
[PhysX] Initialized MultithreadedTaskDispatcher with 14 workers.
 -> (artifact id: 'e37f43b351f693a625859a17b81517ac') in 0.029105 seconds
Number of updated asset objects reloaded before import = 0
Number of asset objects unloaded after import = 3
========================================================================
Received Import Request.
  Time since last request: 0.497460 seconds.
  path: Assets/Sprites/suritzens/prev1x4.png
  artifactKey: Guid(6312e0f8347f1294a954361603c7d73c) Importer(815301076,1909f56bfc062723c751e8b465ee728b)
Start importing Assets/Sprites/suritzens/prev1x4.png using Guid(6312e0f8347f1294a954361603c7d73c) Importer(815301076,1909f56bfc062723c751e8b465ee728b) [PhysX] Initialized MultithreadedTaskDispatcher with 14 workers.
[PhysX] Initialized MultithreadedTaskDispatcher with 14 workers.
 -> (artifact id: 'e8ee80c931da913ea5b78b6698201210') in 0.095459 seconds
Number of updated asset objects reloaded before import = 0
Number of asset objects unloaded after import = 3
========================================================================
Received Import Request.
  Time since last request: 0.000185 seconds.
  path: Assets/Sprites/suritzens/ring4x.png
  artifactKey: Guid(e8bd32cc0a9546744933022fc2bd1a5d) Importer(815301076,1909f56bfc062723c751e8b465ee728b)
Start importing Assets/Sprites/suritzens/ring4x.png using Guid(e8bd32cc0a9546744933022fc2bd1a5d) Importer(815301076,1909f56bfc062723c751e8b465ee728b) [PhysX] Initialized MultithreadedTaskDispatcher with 14 workers.
[PhysX] Initialized MultithreadedTaskDispatcher with 14 workers.
 -> (artifact id: 'a02458ebf73a12370be487a629561f6e') in 0.033847 seconds
Number of updated asset objects reloaded before import = 0
Number of asset objects unloaded after import = 3
========================================================================
Received Import Request.
  Time since last request: 0.000036 seconds.
  path: Assets/Sprites/suritzens/prev2x4.png
  artifactKey: Guid(f34b4e68958073c46a99443bc609cc58) Importer(815301076,1909f56bfc062723c751e8b465ee728b)
Start importing Assets/Sprites/suritzens/prev2x4.png using Guid(f34b4e68958073c46a99443bc609cc58) Importer(815301076,1909f56bfc062723c751e8b465ee728b) [PhysX] Initialized MultithreadedTaskDispatcher with 14 workers.
[PhysX] Initialized MultithreadedTaskDispatcher with 14 workers.
 -> (artifact id: '345129aca130f764361b36263af54bd3') in 0.044607 seconds
Number of updated asset objects reloaded before import = 0
Number of asset objects unloaded after import = 3
========================================================================
Received Import Request.
  Time since last request: 0.000052 seconds.
  path: Assets/Sprites/suritzens/teddy.png
  artifactKey: Guid(cccdf33cbfa1c4d4bb5946fb530e0ba0) Importer(815301076,1909f56bfc062723c751e8b465ee728b)
Start importing Assets/Sprites/suritzens/teddy.png using Guid(cccdf33cbfa1c4d4bb5946fb530e0ba0) Importer(815301076,1909f56bfc062723c751e8b465ee728b) [PhysX] Initialized MultithreadedTaskDispatcher with 14 workers.
[PhysX] Initialized MultithreadedTaskDispatcher with 14 workers.
 -> (artifact id: '850746d2668648b1f3fcf6af8dd31680') in 0.054940 seconds
Number of updated asset objects reloaded before import = 0
Number of asset objects unloaded after import = 3
========================================================================
Received Import Request.
  Time since last request: 0.000184 seconds.
  path: Assets/Sprites/suritzens/ring.png
  artifactKey: Guid(c72957cb7ce5f6047bc1139d51de82da) Importer(815301076,1909f56bfc062723c751e8b465ee728b)
Start importing Assets/Sprites/suritzens/ring.png using Guid(c72957cb7ce5f6047bc1139d51de82da) Importer(815301076,1909f56bfc062723c751e8b465ee728b) [PhysX] Initialized MultithreadedTaskDispatcher with 14 workers.
[PhysX] Initialized MultithreadedTaskDispatcher with 14 workers.
 -> (artifact id: '7b7c1c1df5aea3e598ab144ec2f9290d') in 0.032865 seconds
Number of updated asset objects reloaded before import = 0
Number of asset objects unloaded after import = 3
